2011-11-18 13:27:56,151 [main] INFO  org.mortbay.log - Logging to Logger[org.mortbay.log] via org.mortbay.log.Slf4jLog
2011-11-18 13:28:11,579 [Worker-14] INFO  o.e.m.c.i.i.nexus.NexusIndexManager - Updating index for repository: central|http://repo1.maven.org/maven2
2011-11-18 13:28:14,074 [Worker-8] INFO  o.e.m.c.i.l.LifecycleMappingFactory - Using org.maven.ide.eclipse.wtp.EjbLifecycleMapping lifecycle mapping for MavenProject: se.bolagsverket.helloworld:hello-world-jboss43-ejb:1.0-SNAPSHOT @ /home/mreyesab/workspace/bolagsverket/bv-rmi-43/hello-world-jboss43-ejb/pom.xml.
2011-11-18 13:28:15,288 [Worker-8] INFO  o.e.m.c.i.embedder.EclipseLogger - Using 'UTF-8' encoding to copy filtered resources.
2011-11-18 13:28:15,308 [Worker-8] INFO  o.e.m.c.i.embedder.EclipseLogger - Copying 1 resource
2011-11-18 13:28:15,316 [Worker-8] INFO  o.e.m.c.i.embedder.EclipseLogger - Using 'UTF-8' encoding to copy filtered resources.
2011-11-18 13:28:15,316 [Worker-8] INFO  o.e.m.c.i.embedder.EclipseLogger - skip non existing resourceDirectory /home/mreyesab/workspace/bolagsverket/bv-rmi-43/hello-world-jboss43-ejb/src/test/resources
2011-11-18 13:28:15,733 [Worker-9] INFO  o.e.m.c.i.l.LifecycleMappingFactory - Using NULL lifecycle mapping for MavenProject: se.bolagsverket.helloworld:hello-world-jboss43:1.0-SNAPSHOT @ /home/mreyesab/workspace/bolagsverket/bv-rmi-43/pom.xml.
2011-11-18 13:28:15,736 [Worker-9] INFO  o.e.m.c.i.l.LifecycleMappingFactory - Using NULL lifecycle mapping for MavenProject: se.bolagsverket.helloworld:hello-world-jboss51:1.0-SNAPSHOT @ /home/mreyesab/workspace/bolagsverket/bv-rmi-51/pom.xml.
2011-11-18 13:28:15,750 [Worker-9] INFO  o.e.m.c.i.l.LifecycleMappingFactory - Using org.maven.ide.eclipse.wtp.EarLifecycleMapping lifecycle mapping for MavenProject: se.bolagsverket.helloworld:hello-world-jboss43-ear:1.0-SNAPSHOT @ /home/mreyesab/workspace/bolagsverket/bv-rmi-43/hello-world-jboss43-ear/pom.xml.
2011-11-18 13:28:15,794 [Worker-9] INFO  o.e.m.c.i.l.LifecycleMappingFactory - Using org.maven.ide.eclipse.wtp.EjbLifecycleMapping lifecycle mapping for MavenProject: se.bolagsverket.helloworld:hello-world-jboss43-ejb:1.0-SNAPSHOT @ /home/mreyesab/workspace/bolagsverket/bv-rmi-43/hello-world-jboss43-ejb/pom.xml.
2011-11-18 13:28:15,822 [Worker-9] INFO  o.e.m.c.i.l.LifecycleMappingFactory - Using org.maven.ide.eclipse.wtp.EjbLifecycleMapping lifecycle mapping for MavenProject: se.bolagsverket.helloworld:hello-world-jboss43-ejbcli:1.0-SNAPSHOT @ /home/mreyesab/workspace/bolagsverket/bv-rmi-51/hello-world-jboss43-ejbcli/pom.xml.
2011-11-18 13:28:15,898 [Worker-9] INFO  o.e.m.c.i.l.LifecycleMappingFactory - Using org.maven.ide.eclipse.wtp.WarLifecycleMapping lifecycle mapping for MavenProject: se.bolagsverket.helloworld:hello-world-jboss43-web:1.0-SNAPSHOT @ /home/mreyesab/workspace/bolagsverket/bv-rmi-43/hello-world-jboss43-web/pom.xml.
2011-11-18 13:28:15,937 [Worker-9] INFO  o.e.m.c.i.l.LifecycleMappingFactory - Using org.maven.ide.eclipse.wtp.EarLifecycleMapping lifecycle mapping for MavenProject: se.bolagsverket.helloworld:hello-world-jboss51-ear:1.0-SNAPSHOT @ /home/mreyesab/workspace/bolagsverket/bv-rmi-51/hello-world-jboss51-ear/pom.xml.
2011-11-18 13:28:15,958 [Worker-9] INFO  o.e.m.c.i.l.LifecycleMappingFactory - Using org.maven.ide.eclipse.wtp.WarLifecycleMapping lifecycle mapping for MavenProject: se.bolagsverket.helloworld:hello-world-jboss51-web:1.0-SNAPSHOT @ /home/mreyesab/workspace/bolagsverket/bv-rmi-51/hello-world-jboss51-web/pom.xml.
2011-11-18 13:28:18,692 [Worker-9] INFO  o.e.m.c.i.embedder.EclipseLogger - Generating application.xml
2011-11-18 13:28:18,705 [Worker-9] INFO  o.e.m.c.i.embedder.EclipseLogger - Generating jboss-app.xml
2011-11-18 13:28:18,795 [Worker-9] INFO  o.e.m.c.i.embedder.EclipseLogger - Generating application.xml
2011-11-18 13:28:18,796 [Worker-9] INFO  o.e.m.c.i.embedder.EclipseLogger - Generating jboss-app.xml
2011-11-18 13:28:20,257 [Worker-8] INFO  o.e.m.c.i.embedder.EclipseLogger - Using 'UTF-8' encoding to copy filtered resources.
2011-11-18 13:28:20,257 [Worker-8] INFO  o.e.m.c.i.embedder.EclipseLogger - skip non existing resourceDirectory /home/mreyesab/workspace/bolagsverket/bv-rmi-43/hello-world-jboss43-ear/src/main/resources
2011-11-18 13:28:20,314 [Worker-8] INFO  o.e.m.c.i.embedder.EclipseLogger - Using 'UTF-8' encoding to copy filtered resources.
2011-11-18 13:28:20,329 [Worker-8] INFO  o.e.m.c.i.embedder.EclipseLogger - Copying 0 resource
2011-11-18 13:28:20,331 [Worker-8] INFO  o.e.m.c.i.embedder.EclipseLogger - Using 'UTF-8' encoding to copy filtered resources.
2011-11-18 13:28:20,331 [Worker-8] INFO  o.e.m.c.i.embedder.EclipseLogger - skip non existing resourceDirectory /home/mreyesab/workspace/bolagsverket/bv-rmi-43/hello-world-jboss43-ejb/src/test/resources
2011-11-18 13:28:20,415 [Worker-8] INFO  o.e.m.c.i.embedder.EclipseLogger - Using 'UTF-8' encoding to copy filtered resources.
2011-11-18 13:28:20,415 [Worker-8] INFO  o.e.m.c.i.embedder.EclipseLogger - Copying 1 resource
2011-11-18 13:28:20,419 [Worker-8] INFO  o.e.m.c.i.embedder.EclipseLogger - Using 'UTF-8' encoding to copy filtered resources.
2011-11-18 13:28:20,419 [Worker-8] INFO  o.e.m.c.i.embedder.EclipseLogger - skip non existing resourceDirectory /home/mreyesab/workspace/bolagsverket/bv-rmi-51/hello-world-jboss43-ejbcli/src/test/resources
2011-11-18 13:28:24,375 [Worker-13] INFO  o.e.m.c.i.l.LifecycleMappingFactory - Using org.maven.ide.eclipse.wtp.WarLifecycleMapping lifecycle mapping for MavenProject: se.bolagsverket.helloworld:hello-world-jboss43-web:1.0-SNAPSHOT @ /home/mreyesab/workspace/bolagsverket/bv-rmi-43/hello-world-jboss43-web/pom.xml.
2011-11-18 13:28:24,502 [Worker-13] INFO  o.e.m.c.i.embedder.EclipseLogger - Using 'UTF-8' encoding to copy filtered resources.
2011-11-18 13:28:24,502 [Worker-13] INFO  o.e.m.c.i.embedder.EclipseLogger - skip non existing resourceDirectory /home/mreyesab/workspace/bolagsverket/bv-rmi-43/hello-world-jboss43-web/src/main/resources
2011-11-18 13:28:24,504 [Worker-13] INFO  o.e.m.c.i.embedder.EclipseLogger - Using 'UTF-8' encoding to copy filtered resources.
2011-11-18 13:28:24,504 [Worker-13] INFO  o.e.m.c.i.embedder.EclipseLogger - skip non existing resourceDirectory /home/mreyesab/workspace/bolagsverket/bv-rmi-43/hello-world-jboss43-web/src/test/resources
2011-11-18 13:28:24,913 [Worker-13] INFO  o.e.m.c.i.embedder.EclipseLogger - Using 'UTF-8' encoding to copy filtered resources.
2011-11-18 13:28:24,913 [Worker-13] INFO  o.e.m.c.i.embedder.EclipseLogger - skip non existing resourceDirectory /home/mreyesab/workspace/bolagsverket/bv-rmi-51/hello-world-jboss51-ear/src/main/resources
2011-11-18 13:28:25,161 [Worker-13] INFO  o.e.m.c.i.l.LifecycleMappingFactory - Using org.maven.ide.eclipse.wtp.WarLifecycleMapping lifecycle mapping for MavenProject: se.bolagsverket.helloworld:hello-world-jboss51-web:1.0-SNAPSHOT @ /home/mreyesab/workspace/bolagsverket/bv-rmi-51/hello-world-jboss51-web/pom.xml.
2011-11-18 13:28:25,213 [Worker-13] INFO  o.e.m.c.i.embedder.EclipseLogger - Using 'UTF-8' encoding to copy filtered resources.
2011-11-18 13:28:25,214 [Worker-13] INFO  o.e.m.c.i.embedder.EclipseLogger - skip non existing resourceDirectory /home/mreyesab/workspace/bolagsverket/bv-rmi-51/hello-world-jboss51-web/src/main/resources
2011-11-18 13:28:25,215 [Worker-13] INFO  o.e.m.c.i.embedder.EclipseLogger - Using 'UTF-8' encoding to copy filtered resources.
2011-11-18 13:28:25,215 [Worker-13] INFO  o.e.m.c.i.embedder.EclipseLogger - skip non existing resourceDirectory /home/mreyesab/workspace/bolagsverket/bv-rmi-51/hello-world-jboss51-web/src/test/resources
2011-11-18 13:29:18,387 [Worker-14] ERROR o.e.m.c.i.i.nexus.NexusIndexManager - Unable to update index for central|http://repo1.maven.org/maven2
java.io.IOException: null
	at org.eclipse.m2e.core.internal.index.nexus.AsyncFetcher$PipedErrorInputStream.checkError(AsyncFetcher.java:253) ~[org.eclipse.m2e.core_1.0.100.20110804-1717.jar:na]
	at org.eclipse.m2e.core.internal.index.nexus.AsyncFetcher$PipedErrorInputStream.read(AsyncFetcher.java:261) ~[org.eclipse.m2e.core_1.0.100.20110804-1717.jar:na]
	at java.io.PipedInputStream.read(PipedInputStream.java:361) ~[na:1.6.0_29]
	at java.io.InputStream.read(InputStream.java:82) ~[na:1.6.0_29]
	at org.codehaus.plexus.util.IOUtil.copy(IOUtil.java:188) ~[plexus-utils-2.0.6.jar:na]
	at org.codehaus.plexus.util.IOUtil.copy(IOUtil.java:174) ~[plexus-utils-2.0.6.jar:na]
	at org.codehaus.plexus.util.FileUtils.copyStreamToFile(FileUtils.java:1143) ~[plexus-utils-2.0.6.jar:na]
	at org.apache.maven.index.updater.DefaultIndexUpdater$LocalCacheIndexAdaptor.setIndexFile(DefaultIndexUpdater.java:700) ~[indexer-core-3.1.0.jar:3.1.0]
	at org.apache.maven.index.updater.DefaultIndexUpdater.fetchAndUpdateIndex(DefaultIndexUpdater.java:844) ~[indexer-core-3.1.0.jar:3.1.0]
	at org.apache.maven.index.updater.DefaultIndexUpdater.fetchAndUpdateIndex(DefaultIndexUpdater.java:135) ~[indexer-core-3.1.0.jar:3.1.0]
	at org.eclipse.m2e.core.internal.index.nexus.NexusIndexManager.updateRemoteIndex(NexusIndexManager.java:1124) [org.eclipse.m2e.core_1.0.100.20110804-1717.jar:na]
	at org.eclipse.m2e.core.internal.index.nexus.NexusIndexManager.updateIndex(NexusIndexManager.java:1081) [org.eclipse.m2e.core_1.0.100.20110804-1717.jar:na]
	at org.eclipse.m2e.core.internal.index.nexus.NexusIndexManager$1.run(NexusIndexManager.java:658) [org.eclipse.m2e.core_1.0.100.20110804-1717.jar:na]
	at org.eclipse.m2e.core.internal.index.nexus.IndexUpdaterJob.run(IndexUpdaterJob.java:71) [org.eclipse.m2e.core_1.0.100.20110804-1717.jar:na]
	at org.eclipse.core.internal.jobs.Worker.run(Worker.java:54) [org.eclipse.core.jobs_3.5.100.v20110404.jar:na]
java.util.concurrent.CancellationException: null
	at com.ning.http.client.providers.netty.NettyResponseFuture.cancel(NettyResponseFuture.java:152) ~[na:na]
	at org.eclipse.m2e.core.internal.index.nexus.AsyncFetcher.cancel(AsyncFetcher.java:93) ~[na:na]
	at org.eclipse.m2e.core.internal.index.nexus.AsyncFetcher$MonitorListener.checkCancelled(AsyncFetcher.java:276) ~[na:na]
	at org.eclipse.m2e.core.internal.index.nexus.AsyncFetcher$MonitorListener.onStatus(AsyncFetcher.java:281) ~[na:na]
	at com.ning.http.client.SimpleAsyncHttpClient$BodyConsumerAsyncHandler.fireStatus(SimpleAsyncHttpClient.java:828) ~[na:na]
	at com.ning.http.client.SimpleAsyncHttpClient$BodyConsumerAsyncHandler.onStatusReceived(SimpleAsyncHttpClient.java:779) ~[na:na]
	at com.ning.http.client.providers.netty.NettyAsyncHttpProvider.updateStatusAndInterrupt(NettyAsyncHttpProvider.java:1439) ~[na:na]
	at com.ning.http.client.providers.netty.NettyAsyncHttpProvider.messageReceived(NettyAsyncHttpProvider.java:1170) ~[na:na]
	at org.jboss.netty.channel.SimpleChannelUpstreamHandler.handleUpstream(SimpleChannelUpstreamHandler.java:80) ~[na:na]
	at org.jboss.netty.channel.DefaultChannelPipeline.sendUpstream(DefaultChannelPipeline.java:545) ~[na:na]
	at org.jboss.netty.channel.DefaultChannelPipeline$DefaultChannelHandlerContext.sendUpstream(DefaultChannelPipeline.java:754) ~[na:na]
	at org.jboss.netty.handler.stream.ChunkedWriteHandler.handleUpstream(ChunkedWriteHandler.java:148) ~[na:na]
	at org.jboss.netty.channel.DefaultChannelPipeline.sendUpstream(DefaultChannelPipeline.java:545) ~[na:na]
	at org.jboss.netty.channel.DefaultChannelPipeline$DefaultChannelHandlerContext.sendUpstream(DefaultChannelPipeline.java:754) ~[na:na]
	at org.jboss.netty.handler.codec.http.HttpContentDecoder.messageReceived(HttpContentDecoder.java:104) ~[na:na]
	at org.jboss.netty.channel.SimpleChannelUpstreamHandler.handleUpstream(SimpleChannelUpstreamHandler.java:80) ~[na:na]
	at org.jboss.netty.channel.DefaultChannelPipeline.sendUpstream(DefaultChannelPipeline.java:545) ~[na:na]
	at org.jboss.netty.channel.DefaultChannelPipeline$DefaultChannelHandlerContext.sendUpstream(DefaultChannelPipeline.java:754) ~[na:na]
	at org.jboss.netty.channel.Channels.fireMessageReceived(Channels.java:302) ~[na:na]
	at org.jboss.netty.handler.codec.replay.ReplayingDecoder.unfoldAndfireMessageReceived(ReplayingDecoder.java:522) ~[na:na]
	at org.jboss.netty.handler.codec.replay.ReplayingDecoder.callDecode(ReplayingDecoder.java:506) ~[na:na]
	at org.jboss.netty.handler.codec.replay.ReplayingDecoder.messageReceived(ReplayingDecoder.java:443) ~[na:na]
	at org.jboss.netty.channel.SimpleChannelUpstreamHandler.handleUpstream(SimpleChannelUpstreamHandler.java:80) ~[na:na]
	at org.jboss.netty.handler.codec.http.HttpClientCodec.handleUpstream(HttpClientCodec.java:77) ~[na:na]
	at org.jboss.netty.channel.DefaultChannelPipeline.sendUpstream(DefaultChannelPipeline.java:545) ~[na:na]
	at org.jboss.netty.channel.DefaultChannelPipeline.sendUpstream(DefaultChannelPipeline.java:540) ~[na:na]
	at org.jboss.netty.channel.Channels.fireMessageReceived(Channels.java:274) ~[na:na]
	at org.jboss.netty.channel.Channels.fireMessageReceived(Channels.java:261) ~[na:na]
	at org.jboss.netty.channel.socket.nio.NioWorker.read(NioWorker.java:349) ~[na:na]
	at org.jboss.netty.channel.socket.nio.NioWorker.processSelectedKeys(NioWorker.java:280) ~[na:na]
	at org.jboss.netty.channel.socket.nio.NioWorker.run(NioWorker.java:200) ~[na:na]
	at org.jboss.netty.util.ThreadRenamingRunnable.run(ThreadRenamingRunnable.java:108) ~[na:na]
	at org.jboss.netty.util.internal.DeadLockProofWorker$1.run(DeadLockProofWorker.java:44) ~[na:na]
	at java.util.concurrent.ThreadPoolExecutor$Worker.runTask(ThreadPoolExecutor.java:886) ~[na:1.6.0_29]
	at java.util.concurrent.ThreadPoolExecutor$Worker.run(ThreadPoolExecutor.java:908) ~[na:1.6.0_29]
	at java.lang.Thread.run(Thread.java:662) ~[na:1.6.0_29]
